<?xml version="1.0" encoding="UTF-8"?>
<!-- Generated by org.testng.reporters.JUnitReportReporter -->
<testsuite skipped="0" hostname="INDL9BXM79" name="framework.DriverScript" tests="1" failures="0" timestamp="18 Apr 2018 08:57:38 GMT" time="12.027" errors="0">
  <testcase name="MainAction" time="12.027" classname="framework.DriverScript"/>
</testsuite> <!-- framework.DriverScript -->
